<?xml version="1.0" encoding="UTF-8" ?>
<testsuite errors="0" failures="0" hostname="baldi64-PC" name="fiuba.algo3.modelo.SuperficieTest" tests="18" time="0.011" timestamp="2016-06-30T02:09:55">
  <properties>
    <property name="file.encoding.pkg" value="sun.io" />
    <property name="ivy.retrieve.pattern.ivy.instance" value="C:\Users\baldi64\workspace\tpalgo3/lib/[artifact]-[revision](-[classifier]).[ext]" />
    <property name="java.vendor.url.ivy.instance" value="http://java.oracle.com/" />
    <property name="ivy.local.default.ivy.pattern.ivy.instance" value="[organisation]/[module]/[revision]/[type]s/[artifact].[ext]" />
    <property name="ivy.project.dir.ivy.instance" value="C:\Users\baldi64\workspace\tpalgo3" />
    <property name="ivy.resolve.default.type.filter" value="*" />
    <property name="java.home" value="C:\Program Files\Java\jdk1.8.0_91\jre" />
    <property name="ivy.configurations.ivy.instance" value="*" />
    <property name="ant.file.type.nicopaez.tutoriales.oo.notas" value="file" />
    <property name="ivy.basedir.ivy.instance" value="C:\Users\baldi64\workspace\tpalgo3" />
    <property name="ivy.dep.file.ivy.instance" value="ivy.xml" />
    <property name="java.endorsed.dirs" value="C:\Program Files\Java\jdk1.8.0_91\jre\lib\endorsed" />
    <property name="java.class.path.ivy.instance" value="C:\Program Files\Java\apache-ant-1.9.7\bin\..\lib\ant-launcher.jar;C:\Program Files\Java\apache-ant-1.9.7\lib\ant-antlr.jar;C:\Program Files\Java\apache-ant-1.9.7\lib\ant-apache-bcel.jar;C:\Program Files\Java\apache-ant-1.9.7\lib\ant-apache-bsf.jar;C:\Program Files\Java\apache-ant-1.9.7\lib\ant-apache-log4j.jar;C:\Program Files\Java\apache-ant-1.9.7\lib\ant-apache-oro.jar;C:\Program Files\Java\apache-ant-1.9.7\lib\ant-apache-regexp.jar;C:\Program Files\Java\apache-ant-1.9.7\lib\ant-apache-resolver.jar;C:\Program Files\Java\apache-ant-1.9.7\lib\ant-apache-xalan2.jar;C:\Program Files\Java\apache-ant-1.9.7\lib\ant-commons-logging.jar;C:\Program Files\Java\apache-ant-1.9.7\lib\ant-commons-net.jar;C:\Program Files\Java\apache-ant-1.9.7\lib\ant-jai.jar;C:\Program Files\Java\apache-ant-1.9.7\lib\ant-javamail.jar;C:\Program Files\Java\apache-ant-1.9.7\lib\ant-jdepend.jar;C:\Program Files\Java\apache-ant-1.9.7\lib\ant-jmf.jar;C:\Program Files\Java\apache-ant-1.9.7\lib\ant-jsch.jar;C:\Program Files\Java\apache-ant-1.9.7\lib\ant-junit.jar;C:\Program Files\Java\apache-ant-1.9.7\lib\ant-junit4.jar;C:\Program Files\Java\apache-ant-1.9.7\lib\ant-launcher.jar;C:\Program Files\Java\apache-ant-1.9.7\lib\ant-netrexx.jar;C:\Program Files\Java\apache-ant-1.9.7\lib\ant-swing.jar;C:\Program Files\Java\apache-ant-1.9.7\lib\ant-testutil.jar;C:\Program Files\Java\apache-ant-1.9.7\lib\ant.jar;C:\Program Files\Java\jdk1.8.0_91\lib\tools.jar" />
    <property name="coverage.xml.dir" value="C:\Users\baldi64\workspace\tpalgo3\build\reports\cobertura-xml" />
    <property name="ivy.home" value="C:\Users\baldi64\.ivy2" />
    <property name="src.dir" value="C:\Users\baldi64\workspace\tpalgo3\src" />
    <property name="java.vm.specification.vendor.ivy.instance" value="Oracle Corporation" />
    <property name="sun.os.patch.level" value="" />
    <property name="ivy.dep.file" value="ivy.xml" />
    <property name="java.vendor.url" value="http://java.oracle.com/" />
    <property name="ivy.local.default.artifact.pattern.ivy.instance" value="[organisation]/[module]/[revision]/[type]s/[artifact].[ext]" />
    <property name="ivy.lib.dir.ivy.instance" value="C:\Users\baldi64\workspace\tpalgo3/lib" />
    <property name="java.version" value="1.8.0_91" />
    <property name="sun.stdout.encoding" value="cp850" />
    <property name="ivy.conf.dir.ivy.instance" value="jar:file:/C:/Users/baldi64/workspace/tpalgo3/libs/ivy.jar!/org/apache/ivy/core/settings" />
    <property name="sun.boot.library.path.ivy.instance" value="C:\Program Files\Java\jdk1.8.0_91\jre\bin" />
    <property name="ivy.report.output.pattern.ivy.instance" value="[organisation]-[module]-[conf].[ext]" />
    <property name="ivy.module" value="tp-final-algo3" />
    <property name="ivy.publish.src.artifacts.pattern.ivy.instance" value="C:\Users\baldi64\workspace\tpalgo3/distrib/[type]s/[artifact]-[revision](-[classifier]).[ext]" />
    <property name="java.vendor.url.bug" value="http://bugreport.sun.com/bugreport/" />
    <property name="sun.management.compiler.ivy.instance" value="HotSpot 64-Bit Tiered Compilers" />
    <property name="ant.project.invoked-targets" value="integracion-continua" />
    <property name="ivy.local.default.artifact.pattern" value="[organisation]/[module]/[revision]/[type]s/[artifact].[ext]" />
    <property name="os.name.ivy.instance" value="Windows 10" />
    <property name="ivy.default.ivy.user.dir.ivy.instance" value="C:\Users\baldi64\.ivy2" />
    <property name="ivy.default.always.check.exact.revision" value="false" />
    <property name="ivy.default.settings.dir.ivy.instance" value="jar:file:/C:/Users/baldi64/workspace/tpalgo3/libs/ivy.jar!/org/apache/ivy/core/settings" />
    <property name="user.name" value="baldi64" />
    <property name="sun.io.unicode.encoding" value="UnicodeLittle" />
    <property name="ivy.shared.default.root.ivy.instance" value="C:\Users\baldi64\.ivy2/shared" />
    <property name="sun.jnu.encoding" value="Cp1252" />
    <property name="java.runtime.name" value="Java(TM) SE Runtime Environment" />
    <property name="ant.home.ivy.instance" value="C:\Program Files\Java\apache-ant-1.9.7\bin\.." />
    <property name="file.encoding.ivy.instance" value="Cp1252" />
    <property name="ivy.cache.ttl.default.ivy.instance" value="10s" />
    <property name="java.specification.vendor.ivy.instance" value="Oracle Corporation" />
    <property name="coverage.html.dir" value="C:\Users\baldi64\workspace\tpalgo3\build\reports\cobertura-html" />
    <property name="java.vendor.ivy.instance" value="Oracle Corporation" />
    <property name="sun.cpu.isalist.ivy.instance" value="amd64" />
    <property name="java.specification.name" value="Java Platform API Specification" />
    <property name="user.timezone" value="" />
    <property name="java.endorsed.dirs.ivy.instance" value="C:\Program Files\Java\jdk1.8.0_91\jre\lib\endorsed" />
    <property name="user.script" value="" />
    <property name="path.separator" value=";" />
    <property name="java.class.version.ivy.instance" value="52.0" />
    <property name="ivy.default.conf.dir" value="jar:file:/C:/Users/baldi64/workspace/tpalgo3/libs/ivy.jar!/org/apache/ivy/core/settings" />
    <property name="file.encoding" value="Cp1252" />
    <property name="java.runtime.name.ivy.instance" value="Java(TM) SE Runtime Environment" />
    <property name="ivy.resolve.default.type.filter.ivy.instance" value="*" />
    <property name="ant.project.default-target" value="test" />
    <property name="build" value="C:\Users\baldi64\workspace\tpalgo3\build" />
    <property name="ivy.targets.copied" value="false" />
    <property name="sun.java.command" value="org.apache.tools.ant.taskdefs.optional.junit.JUnitTestRunner testsfile=C:\Users\baldi64\workspace\tpalgo3\junittestcases2553152709543238118.properties skipNonTests=false filtertrace=true haltOnError=false haltOnFailure=false showoutput=true outputtoformatters=true logfailedtests=true threadid=0 logtestlistenerevents=false formatter=org.apache.tools.ant.taskdefs.optional.junit.XMLJUnitResultFormatter,C:\Users\baldi64\workspace\tpalgo3\build\reports\junit-xml\IGNORETHIS.xml crashfile=C:\Users\baldi64\workspace\tpalgo3\junitvmwatcher2869686356803906086.properties propsfile=C:\Users\baldi64\workspace\tpalgo3\junit126933716096251690.properties" />
    <property name="ivy.shared.default.artifact.pattern" value="[organisation]/[module]/[revision]/[type]s/[artifact].[ext]" />
    <property name="ant.file" value="C:\Users\baldi64\workspace\tpalgo3\build.xml" />
    <property name="ivy.distrib.dir.ivy.instance" value="C:\Users\baldi64\workspace\tpalgo3/distrib" />
    <property name="ivy.checksums.ivy.instance" value="sha1,md5" />
    <property name="sun.arch.data.model.ivy.instance" value="64" />
    <property name="ivy.build.artifacts.dir.ivy.instance" value="C:\Users\baldi64\workspace\tpalgo3/build/artifacts" />
    <property name="instrumented.dir" value="C:\Users\baldi64\workspace\tpalgo3\build\instrumented" />
    <property name="user.variant.ivy.instance" value="" />
    <property name="ivy.settings.file" value="ivysettings.xml" />
    <property name="coverage.summaryxml.dir" value="C:\Users\baldi64\workspace\tpalgo3\build\reports\cobertura-summary-xml" />
    <property name="java.io.tmpdir" value="C:\Users\baldi64\AppData\Local\Temp\" />
    <property name="ivy.buildlist.ivyfilepath.ivy.instance" value="ivy.xml" />
    <property name="ivy.cache.ttl.default" value="10s" />
    <property name="user.language" value="es" />
    <property name="user.dir.ivy.instance" value="C:\Users\baldi64\workspace\tpalgo3" />
    <property name="ivy.home.ivy.instance" value="C:\Users\baldi64\.ivy2" />
    <property name="line.separator" value="&#xd;&#xa;" />
    <property name="java.specification.version.ivy.instance" value="1.8" />
    <property name="ant.file.type" value="file" />
    <property name="ivy.build.artifacts.dir" value="C:\Users\baldi64\workspace\tpalgo3/build/artifacts" />
    <property name="sun.io.unicode.encoding.ivy.instance" value="UnicodeLittle" />
    <property name="ivy.status" value="integration" />
    <property name="java.vm.info" value="mixed mode" />
    <property name="ivy.lib.dir" value="C:\Users\baldi64\workspace\tpalgo3/lib" />
    <property name="sun.desktop" value="windows" />
    <property name="java.vm.specification.name" value="Java Virtual Machine Specification" />
    <property name="ivy.default.conf.dir.ivy.instance" value="jar:file:/C:/Users/baldi64/workspace/tpalgo3/libs/ivy.jar!/org/apache/ivy/core/settings" />
    <property name="java.vm.version.ivy.instance" value="25.91-b14" />
    <property name="ivy.install.version" value="2.2.0" />
    <property name="cobertura.dir" value="C:\Users\baldi64\workspace\tpalgo3\libs" />
    <property name="user.name.ivy.instance" value="baldi64" />
    <property name="ivy.cache.dir" value="C:\Users\baldi64\.ivy2\cache" />
    <property name="java.awt.printerjob" value="sun.awt.windows.WPrinterJob" />
    <property name="java.io.tmpdir.ivy.instance" value="C:\Users\baldi64\AppData\Local\Temp\" />
    <property name="ant.version" value="Apache Ant(TM) version 1.9.7 compiled on April 9 2016" />
    <property name="java.home.ivy.instance" value="C:\Program Files\Java\jdk1.8.0_91\jre" />
    <property name="java.vm.vendor.ivy.instance" value="Oracle Corporation" />
    <property name="user.script.ivy.instance" value="" />
    <property name="ivy.default.settings.dir" value="jar:file:/C:/Users/baldi64/workspace/tpalgo3/libs/ivy.jar!/org/apache/ivy/core/settings" />
    <property name="ivy.configurations" value="*" />
    <property name="ivy.settings.url" value="jar:file:/C:/Users/baldi64/workspace/tpalgo3/libs/ivy.jar!/org/apache/ivy/core/settings/ivysettings.xml" />
    <property name="os.name" value="Windows 10" />
    <property name="java.specification.vendor" value="Oracle Corporation" />
    <property name="sun.jnu.encoding.ivy.instance" value="Cp1252" />
    <property name="ivy.deliver.ivy.pattern.ivy.instance" value="C:\Users\baldi64\workspace\tpalgo3/distrib/[type]s/[artifact]-[revision](-[classifier]).[ext]" />
    <property name="ivy.checksums" value="sha1,md5" />
    <property name="java.vm.name" value="Java HotSpot(TM) 64-Bit Server VM" />
    <property name="ivy.jar.file" value="C:\Users\baldi64\workspace\tpalgo3\libs//ivy.jar" />
    <property name="ivy.log.modules.in.use" value="false" />
    <property name="java.runtime.version.ivy.instance" value="1.8.0_91-b14" />
    <property name="ivy.report.output.pattern" value="[organisation]-[module]-[conf].[ext]" />
    <property name="ivy.version" value="2.2.0" />
    <property name="java.library.path" value="C:\Program Files\Java\jdk1.8.0_91\jre\bin;C:\WINDOWS\Sun\Java\bin;C:\WINDOWS\system32;C:\WINDOWS;C:\ProgramData\Oracle\Java\javapath;C:\Program Files (x86)\Common Files\Microsoft Shared\Windows Live;C:\Windows\system32;C:\Windows;C:\Windows\System32\Wbem;C:\Windows\System32\WindowsPowerShell\v1.0\;C:\FPC\2.6.4\bin\i386-Win32;C:\Program Files (x86)\NVIDIA Corporation\PhysX\Common;C:\WINDOWS\system32;C:\WINDOWS;C:\WINDOWS\System32\Wbem;C:\WINDOWS\System32\WindowsPowerShell\v1.0\;C:\WINDOWS\system32\config\systemprofile\.dnx\bin;C:\Program Files\Microsoft DNX\Dnvm\;C:\Program Files\Microsoft SQL Server\130\Tools\Binn\;C:\Program Files (x86)\Windows Kits\8.1\Windows Performance Toolkit\;C:\Program Files\Java\apache-ant-1.9.7\bin;C:\Program Files\Java\jre7\bin;C:\Program Files\Git\cmd;C:\Program Files\Common Files\Microsoft Shared\Windows Live;." />
    <property name="ivy.conf.url" value="jar:file:/C:/Users/baldi64/workspace/tpalgo3/libs/ivy.jar!/org/apache/ivy/core/settings/ivysettings.xml" />
    <property name="java.vm.name.ivy.instance" value="Java HotSpot(TM) 64-Bit Server VM" />
    <property name="os.version.ivy.instance" value="10.0" />
    <property name="line.separator.ivy.instance" value="&#xd;&#xa;" />
    <property name="ant.java.version" value="1.8" />
    <property name="sun.desktop.ivy.instance" value="windows" />
    <property name="sun.cpu.endian.ivy.instance" value="little" />
    <property name="java.vm.specification.name.ivy.instance" value="Java Virtual Machine Specification" />
    <property name="basedir" value="C:\Users\baldi64\workspace\tpalgo3" />
    <property name="java.class.version" value="52.0" />
    <property name="ivy.settings.url.ivy.instance" value="jar:file:/C:/Users/baldi64/workspace/tpalgo3/libs/ivy.jar!/org/apache/ivy/core/settings/ivysettings.xml" />
    <property name="path.separator.ivy.instance" value=";" />
    <property name="sun.boot.class.path.ivy.instance" value="C:\Program Files\Java\jdk1.8.0_91\jre\lib\resources.jar;C:\Program Files\Java\jdk1.8.0_91\jre\lib\rt.jar;C:\Program Files\Java\jdk1.8.0_91\jre\lib\sunrsasign.jar;C:\Program Files\Java\jdk1.8.0_91\jre\lib\jsse.jar;C:\Program Files\Java\jdk1.8.0_91\jre\lib\jce.jar;C:\Program Files\Java\jdk1.8.0_91\jre\lib\charsets.jar;C:\Program Files\Java\jdk1.8.0_91\jre\lib\jfr.jar;C:\Program Files\Java\jdk1.8.0_91\jre\classes" />
    <property name="ant.home" value="C:\Program Files\Java\apache-ant-1.9.7\bin\.." />
    <property name="ivy.resolved.configurations" value="analysis" />
    <property name="ivy.deliver.ivy.pattern" value="C:\Users\baldi64\workspace\tpalgo3/distrib/[type]s/[artifact]-[revision](-[classifier]).[ext]" />
    <property name="net.sourceforge.cobertura.datafile" value="C:\Users\baldi64\workspace\tpalgo3\build\cobertura.ser" />
    <property name="sun.boot.library.path" value="C:\Program Files\Java\jdk1.8.0_91\jre\bin" />
    <property name="ivy.default.always.check.exact.revision.ivy.instance" value="false" />
    <property name="java.library.path.ivy.instance" value="C:\Program Files\Java\jdk1.8.0_91\bin;C:\WINDOWS\Sun\Java\bin;C:\WINDOWS\system32;C:\WINDOWS;C:\ProgramData\Oracle\Java\javapath;C:\Program Files (x86)\Common Files\Microsoft Shared\Windows Live;C:\Windows\system32;C:\Windows;C:\Windows\System32\Wbem;C:\Windows\System32\WindowsPowerShell\v1.0\;C:\FPC\2.6.4\bin\i386-Win32;C:\Program Files (x86)\NVIDIA Corporation\PhysX\Common;C:\WINDOWS\system32;C:\WINDOWS;C:\WINDOWS\System32\Wbem;C:\WINDOWS\System32\WindowsPowerShell\v1.0\;C:\WINDOWS\system32\config\systemprofile\.dnx\bin;C:\Program Files\Microsoft DNX\Dnvm\;C:\Program Files\Microsoft SQL Server\130\Tools\Binn\;C:\Program Files (x86)\Windows Kits\8.1\Windows Performance Toolkit\;C:\Program Files\Java\apache-ant-1.9.7\bin;C:\Program Files\Java\jre7\bin;C:\Program Files\Git\cmd;C:\Program Files\Common Files\Microsoft Shared\Windows Live;." />
    <property name="awt.toolkit.ivy.instance" value="sun.awt.windows.WToolkit" />
    <property name="ivy.basedir" value="C:\Users\baldi64\workspace\tpalgo3" />
    <property name="sun.management.compiler" value="HotSpot 64-Bit Tiered Compilers" />
    <property name="pmd.dir" value="C:\Users\baldi64\workspace\tpalgo3\libs\analysis" />
    <property name="java.ext.dirs.ivy.instance" value="C:\Program Files\Java\jdk1.8.0_91\jre\lib\ext;C:\WINDOWS\Sun\Java\lib\ext" />
    <property name="java.awt.graphicsenv" value="sun.awt.Win32GraphicsEnvironment" />
    <property name="user.variant" value="" />
    <property name="ivy.log.modules.in.use.ivy.instance" value="false" />
    <property name="sun.os.patch.level.ivy.instance" value="" />
    <property name="file.encoding.pkg.ivy.instance" value="sun.io" />
    <property name="ivy.shared.default.ivy.pattern" value="[organisation]/[module]/[revision]/[type]s/[artifact].[ext]" />
    <property name="ivy.resolver.default.check.modified" value="false" />
    <property name="ivy.settings.file.ivy.instance" value="ivysettings.xml" />
    <property name="ivy.nb.targets.copied" value="0" />
    <property name="ant.project.name" value="nicopaez.tutoriales.oo.notas" />
    <property name="ivy.cache.dir.ivy.instance" value="C:\Users\baldi64\.ivy2\cache" />
    <property name="java.vm.specification.version" value="1.8" />
    <property name="libs" value="C:\Users\baldi64\workspace\tpalgo3\libs" />
    <property name="ivy.status.ivy.instance" value="integration" />
    <property name="awt.toolkit" value="sun.awt.windows.WToolkit" />
    <property name="reports.xml.dir" value="C:\Users\baldi64\workspace\tpalgo3\build\reports\junit-xml" />
    <property name="sun.cpu.isalist" value="amd64" />
    <property name="sun.stderr.encoding" value="cp850" />
    <property name="file.separator.ivy.instance" value="\" />
    <property name="ivy.deps.changed" value="false" />
    <property name="java.ext.dirs" value="C:\Program Files\Java\jdk1.8.0_91\jre\lib\ext;C:\WINDOWS\Sun\Java\lib\ext" />
    <property name="ivy.local.default.root.ivy.instance" value="C:\Users\baldi64\.ivy2/local" />
    <property name="os.version" value="10.0" />
    <property name="user.home" value="C:\Users\baldi64" />
    <property name="sun.java.launcher.ivy.instance" value="SUN_STANDARD" />
    <property name="java.vm.vendor" value="Oracle Corporation" />
    <property name="ivy.local.default.root" value="C:\Users\baldi64\.ivy2/local" />
    <property name="ivy.organisation" value="org.apache" />
    <property name="user.dir" value="C:\Users\baldi64\workspace\tpalgo3" />
    <property name="ant.library.dir.ivy.instance" value="C:\Program Files\Java\apache-ant-1.9.7\lib" />
    <property name="ivy.local.default.ivy.pattern" value="[organisation]/[module]/[revision]/[type]s/[artifact].[ext]" />
    <property name="ivy.shared.default.ivy.pattern.ivy.instance" value="[organisation]/[module]/[revision]/[type]s/[artifact].[ext]" />
    <property name="java.vm.info.ivy.instance" value="mixed mode" />
    <property name="ivy.publish.src.artifacts.pattern" value="C:\Users\baldi64\workspace\tpalgo3/distrib/[type]s/[artifact]-[revision](-[classifier]).[ext]" />
    <property name="sun.java.command.ivy.instance" value="org.apache.tools.ant.launch.Launcher integracion-continua" />
    <property name="ivy.distrib.dir" value="C:\Users\baldi64\workspace\tpalgo3/distrib" />
    <property name="sun.cpu.endian" value="little" />
    <property name="ivy.revision" value="working@baldi64-PC" />
    <property name="user.timezone.ivy.instance" value="America/Buenos_Aires" />
    <property name="java.vm.version" value="25.91-b14" />
    <property name="java.class.path" value="C:\Users\baldi64\workspace\tpalgo3\build\instrumented;C:\Users\baldi64\workspace\tpalgo3\build;C:\Users\baldi64\workspace\tpalgo3\libs\ant-jar-1.8.3.jar;C:\Users\baldi64\workspace\tpalgo3\libs\ant-junit-jar-1.8.3.jar;C:\Users\baldi64\workspace\tpalgo3\libs\ant-launcher-jar-1.8.3.jar;C:\Users\baldi64\workspace\tpalgo3\libs\asm-analysis-jar-5.0.1.jar;C:\Users\baldi64\workspace\tpalgo3\libs\asm-commons-jar-5.0.1.jar;C:\Users\baldi64\workspace\tpalgo3\libs\asm-jar-5.0.1.jar;C:\Users\baldi64\workspace\tpalgo3\libs\asm-tree-jar-5.0.1.jar;C:\Users\baldi64\workspace\tpalgo3\libs\asm-util-jar-5.0.1.jar;C:\Users\baldi64\workspace\tpalgo3\libs\cobertura-jar-2.1.1.jar;C:\Users\baldi64\workspace\tpalgo3\libs\commons-lang3-jar-3.3.2.jar;C:\Users\baldi64\workspace\tpalgo3\libs\hamcrest-core-jar-1.3.jar;C:\Users\baldi64\workspace\tpalgo3\libs\ivy.jar;C:\Users\baldi64\workspace\tpalgo3\libs\jaxen-jar-1.1.4.jar;C:\Users\baldi64\workspace\tpalgo3\libs\jetty-jar-6.1.14.jar;C:\Users\baldi64\workspace\tpalgo3\libs\jetty-util-jar-6.1.14.jar;C:\Users\baldi64\workspace\tpalgo3\libs\junit-jar-4.11.jar;C:\Users\baldi64\workspace\tpalgo3\libs\logback-classic-jar-1.0.13.jar;C:\Users\baldi64\workspace\tpalgo3\libs\logback-core-jar-1.0.13.jar;C:\Users\baldi64\workspace\tpalgo3\libs\mockito-all-jar-1.9.0.jar;C:\Users\baldi64\workspace\tpalgo3\libs\oro-jar-2.0.8.jar;C:\Users\baldi64\workspace\tpalgo3\libs\servlet-api-2.5-jar-6.1.14.jar;C:\Users\baldi64\workspace\tpalgo3\libs\slf4j-api-jar-1.7.5.jar;C:\Users\baldi64\workspace\tpalgo3\build\tests;C:\Program Files\Java\apache-ant-1.9.7\lib\ant-launcher.jar;C:\Program Files\Java\apache-ant-1.9.7\lib\ant.jar;C:\Program Files\Java\apache-ant-1.9.7\lib\ant-junit.jar;C:\Program Files\Java\apache-ant-1.9.7\lib\ant-junit4.jar" />
    <property name="ivy.default.ivy.user.dir" value="C:\Users\baldi64\.ivy2" />
    <property name="sun.stderr.encoding.ivy.instance" value="cp850" />
    <property name="user.home.ivy.instance" value="C:\Users\baldi64" />
    <property name="basedir.ivy.instance" value="C:\Users\baldi64\workspace\tpalgo3" />
    <property name="ant.library.dir" value="C:\Program Files\Java\apache-ant-1.9.7\lib" />
    <property name="os.arch" value="amd64" />
    <property name="ivy.jar.dir" value="C:\Users\baldi64\workspace\tpalgo3\libs/" />
    <property name="java.awt.graphicsenv.ivy.instance" value="sun.awt.Win32GraphicsEnvironment" />
    <property name="ant.file.nicopaez.tutoriales.oo.notas" value="C:\Users\baldi64\workspace\tpalgo3\build.xml" />
    <property name="java.vendor.url.bug.ivy.instance" value="http://bugreport.sun.com/bugreport/" />
    <property name="java.vm.specification.version.ivy.instance" value="1.8" />
    <property name="sun.java.launcher" value="SUN_STANDARD" />
    <property name="classes.dir" value="C:\Users\baldi64\workspace\tpalgo3\build" />
    <property name="java.awt.printerjob.ivy.instance" value="sun.awt.windows.WPrinterJob" />
    <property name="ivy.settings.dir.ivy.instance" value="jar:file:/C:/Users/baldi64/workspace/tpalgo3/libs/ivy.jar!/org/apache/ivy/core/settings" />
    <property name="ivy.resolver.default.check.modified.ivy.instance" value="false" />
    <property name="ant.core.lib" value="C:\Program Files\Java\apache-ant-1.9.7\lib\ant.jar" />
    <property name="reports.html.dir" value="C:\Users\baldi64\workspace\tpalgo3\build\reports\junit-html" />
    <property name="java.vm.specification.vendor" value="Oracle Corporation" />
    <property name="ivy.settings.dir" value="jar:file:/C:/Users/baldi64/workspace/tpalgo3/libs/ivy.jar!/org/apache/ivy/core/settings" />
    <property name="file.separator" value="\" />
    <property name="user.language.ivy.instance" value="es" />
    <property name="ivy.shared.default.artifact.pattern.ivy.instance" value="[organisation]/[module]/[revision]/[type]s/[artifact].[ext]" />
    <property name="user.country.ivy.instance" value="ES" />
    <property name="ivy.conf.url.ivy.instance" value="jar:file:/C:/Users/baldi64/workspace/tpalgo3/libs/ivy.jar!/org/apache/ivy/core/settings/ivysettings.xml" />
    <property name="java.runtime.version" value="1.8.0_91-b14" />
    <property name="java.specification.name.ivy.instance" value="Java Platform API Specification" />
    <property name="reports.dir" value="C:\Users\baldi64\workspace\tpalgo3\build\reports" />
    <property name="sun.boot.class.path" value="C:\Program Files\Java\jdk1.8.0_91\jre\lib\resources.jar;C:\Program Files\Java\jdk1.8.0_91\jre\lib\rt.jar;C:\Program Files\Java\jdk1.8.0_91\jre\lib\sunrsasign.jar;C:\Program Files\Java\jdk1.8.0_91\jre\lib\jsse.jar;C:\Program Files\Java\jdk1.8.0_91\jre\lib\jce.jar;C:\Program Files\Java\jdk1.8.0_91\jre\lib\charsets.jar;C:\Program Files\Java\jdk1.8.0_91\jre\lib\jfr.jar;C:\Program Files\Java\jdk1.8.0_91\jre\classes" />
    <property name="ivy.conf.dir" value="jar:file:/C:/Users/baldi64/workspace/tpalgo3/libs/ivy.jar!/org/apache/ivy/core/settings" />
    <property name="ivy.retrieve.pattern" value="C:\Users\baldi64\workspace\tpalgo3/lib/[artifact]-[revision](-[classifier]).[ext]" />
    <property name="user.country" value="ES" />
    <property name="ivy.shared.default.root" value="C:\Users\baldi64\.ivy2/shared" />
    <property name="java.version.ivy.instance" value="1.8.0_91" />
    <property name="ivy.resolved.file" value="C:\Users\baldi64\workspace\tpalgo3\ivy.xml" />
    <property name="sun.stdout.encoding.ivy.instance" value="cp850" />
    <property name="os.arch.ivy.instance" value="amd64" />
    <property name="java.vendor" value="Oracle Corporation" />
    <property name="ivy.project.dir" value="C:\Users\baldi64\workspace\tpalgo3" />
    <property name="java.specification.version" value="1.8" />
    <property name="ivy.buildlist.ivyfilepath" value="ivy.xml" />
    <property name="sun.arch.data.model" value="64" />
  </properties>
  <testcase classname="fiuba.algo3.modelo.SuperficieTest" name="atravesarEspinasReduceVidaUnidadTerrestre" time="0.0" />
  <testcase classname="fiuba.algo3.modelo.SuperficieTest" name="atravesarEspinasReduceVidaUnidadAereaEnModoAlterno" time="0.0" />
  <testcase classname="fiuba.algo3.modelo.SuperficieTest" name="atravesarEspinasReduceVidaUnidadAerea" time="0.0" />
  <testcase classname="fiuba.algo3.modelo.SuperficieTest" name="unidadAereaAtraviesaRocaEnModoHumanoide" time="0.0" />
  <testcase classname="fiuba.algo3.modelo.SuperficieTest" name="unidadAereaNoAtraviesaPantanoEnModoHumanoide" time="0.0" />
  <testcase classname="fiuba.algo3.modelo.SuperficieTest" name="unidadHumanoideTerrestreAtraviesaNebulosaAndromeda" time="0.0" />
  <testcase classname="fiuba.algo3.modelo.SuperficieTest" name="atravesarPantanoNoReduceVelocidadEnModoAlternoDeUnidadAerea" time="0.0" />
  <testcase classname="fiuba.algo3.modelo.SuperficieTest" name="noSePuedeAtravesarPantanoEnModoHumanoide" time="0.001" />
  <testcase classname="fiuba.algo3.modelo.SuperficieTest" name="atravesarRocaNoReduceVelocidadEnModoAlterno" time="0.0" />
  <testcase classname="fiuba.algo3.modelo.SuperficieTest" name="unidadTerrestreNoAtraviesaNubeEnModoAlterno" time="0.0" />
  <testcase classname="fiuba.algo3.modelo.SuperficieTest" name="unidadHumanoideTerrestreNoAtraviesaTormentaPsionica" time="0.0" />
  <testcase classname="fiuba.algo3.modelo.SuperficieTest" name="unidadAlternativoTerrestreAtraviesaNebulosaAndromeda" time="0.0" />
  <testcase classname="fiuba.algo3.modelo.SuperficieTest" name="atravesarEspinasReduceVidaUnidadTerrestreEnModoAlterno" time="0.0" />
  <testcase classname="fiuba.algo3.modelo.SuperficieTest" name="unidadAlternativoTerrestreNoAtraviesaTormentaPsionica" time="0.0" />
  <testcase classname="fiuba.algo3.modelo.SuperficieTest" name="unidadAereaAtraviesaNubeEnModoAlterno" time="0.0" />
  <testcase classname="fiuba.algo3.modelo.SuperficieTest" name="unidadAereaNoAtraviesaNubeEnModoHumanoide" time="0.001" />
  <testcase classname="fiuba.algo3.modelo.SuperficieTest" name="atravesarPantanoReduceVelocidadEnModoAlternoDeUnidadTerrestre" time="0.0" />
  <testcase classname="fiuba.algo3.modelo.SuperficieTest" name="unidadTerrestreNoPuedeAtravesarNubeEnModoHumanoide" time="0.0" />
  <system-out><![CDATA[]]></system-out>
  <system-err><![CDATA[]]></system-err>
</testsuite>
